<?xml version="1.0" encoding="UTF-8"?>
<!-- Generated by org.testng.reporters.JUnitXMLReporter -->
<testsuite hostname="DESKTOP-1U6579J" name="Default test" tests="4" failures="0" timestamp="14 Dec 2020 13:59:57 GMT" time="0.017" errors="0">
  <testcase name="runSelenium" time="0.003" classname="com.lc.tesgFenZu.TestNG15"/>
  <testcase name="runSelenium1" time="0.0" classname="com.lc.tesgFenZu.TestNG15"/>
  <testcase name="testConnectOracle" time="0.0" classname="com.lc.tesgFenZu.TestNG15"/>
  <testcase name="testConnectOracle1" time="0.0" classname="com.lc.tesgFenZu.TestNG15"/>
</testsuite> <!-- Default test -->
