<?xml version="1.0" encoding="UTF-8"?>
<!-- Generated by org.testng.reporters.JUnitXMLReporter -->
<testsuite hostname="MSI" name="Default test" tests="5" failures="0" timestamp="8 Dec 2020 06:03:39 GMT" time="0.025" errors="0">
  <testcase name="testNG07_01" time="0.016" classname="com.lc.testChuanCan.testNG07"/>
  <testcase name="testNG07_01" time="0.0" classname="com.lc.testChuanCan.testNG07"/>
  <testcase name="testNG07_01" time="0.0" classname="com.lc.testChuanCan.testNG07"/>
  <testcase name="testNG07_01" time="0.0" classname="com.lc.testChuanCan.testNG07"/>
  <testcase name="testNG07_01" time="0.0" classname="com.lc.testChuanCan.testNG07"/>
</testsuite> <!-- Default test -->
