<?xml version="1.0" encoding="UTF-8"?>
<!-- Generated by org.testng.reporters.JUnitXMLReporter -->
<testsuite hostname="MSI" name="test01" tests="3" failures="0" timestamp="8 Dec 2020 05:50:05 GMT" time="0.007" errors="0">
  <testcase name="textNG06_01" time="0.001" classname="com.lc.testChuanCan.testNG6"/>
  <testcase name="textNG06_02" time="0.001" classname="com.lc.testChuanCan.testNG6"/>
  <testcase name="textNG06_03" time="0.0" classname="com.lc.testChuanCan.testNG6">
    <skipped/>
  </testcase> <!-- textNG06_03 -->
</testsuite> <!-- test01 -->
