<?xml version="1.0" encoding="UTF-8"?>
<!-- Generated by org.testng.reporters.JUnitXMLReporter -->
<testsuite hostname="DESKTOP-1U6579J" name="Test" tests="4" failures="0" timestamp="21 Dec 2020 14:53:35 GMT" time="0.018" errors="0">
  <testcase name="login" time="0.006" classname="com.lc.testngFenZu.common"/>
  <testcase name="testMethod1" time="0.001" classname="com.lc.testngFenZu.functionA"/>
  <testcase name="testMethod3" time="0.001" classname="com.lc.testngFenZu.functionB"/>
  <testcase name="quit" time="0.001" classname="com.lc.testngFenZu.common"/>
</testsuite> <!-- Test -->
