<?xml version="1.0" encoding="UTF-8"?>
<!-- Generated by org.testng.reporters.JUnitXMLReporter -->
<testsuite hostname="MSI" name="Test" tests="10" failures="0" timestamp="9 Dec 2020 08:19:58 GMT" time="0.04" errors="0">
  <testcase name="random" time="0.0" classname="com.lc.testChuanCan02.testNG11"/>
  <testcase name="random" time="0.0" classname="com.lc.testChuanCan02.testNG11"/>
  <testcase name="random" time="0.015" classname="com.lc.testChuanCan02.testNG11"/>
  <testcase name="random" time="0.0" classname="com.lc.testChuanCan02.testNG11"/>
  <testcase name="random" time="0.002" classname="com.lc.testChuanCan02.testNG11"/>
  <testcase name="random" time="0.001" classname="com.lc.testChuanCan02.testNG11"/>
  <testcase name="random" time="0.001" classname="com.lc.testChuanCan02.testNG11"/>
  <testcase name="random" time="0.001" classname="com.lc.testChuanCan02.testNG11"/>
  <testcase name="random" time="0.001" classname="com.lc.testChuanCan02.testNG11"/>
  <testcase name="random" time="0.001" classname="com.lc.testChuanCan02.testNG11"/>
</testsuite> <!-- Test -->
