<?xml version="1.0" encoding="UTF-8"?>
<!-- Generated by org.testng.reporters.JUnitXMLReporter -->
<testsuite hostname="MSI" name="Test(failed)" tests="2" failures="2" timestamp="7 Dec 2020 05:59:49 GMT" time="0.019" errors="0">
  <testcase name="testNG_02" time="0.007" classname="com.lc.testngTaoJian.testNG02">
    <failure type="java.lang.ArithmeticException" message="/ by zero">
      <![CDATA[java.lang.ArithmeticException: / by zero
	at com.lc.testngTaoJian.testNG02.testNG_02(testNG02.java:8)
... Removed 24 stack frames]]>
    </failure>
  </testcase> <!-- testNG_02 -->
  <testcase name="aatestNG_04" time="0.001" classname="com.lc.testngTaoJian.testNG03">
    <failure type="java.lang.ArithmeticException" message="/ by zero">
      <![CDATA[java.lang.ArithmeticException: / by zero
	at com.lc.testngTaoJian.testNG03.aatestNG_04(testNG03.java:14)
... Removed 24 stack frames]]>
    </failure>
  </testcase> <!-- aatestNG_04 -->
</testsuite> <!-- Test(failed) -->
